<?xml version="1.0" encoding="UTF-8"?>
<testng-results skipped="0" failed="0" total="16" passed="16">
  <reporter-output>
  </reporter-output>
  <suite name="Default suite" duration-ms="202" started-at="2017-10-16T06:01:06Z" finished-at="2017-10-16T06:01:06Z">
    <groups>
    </groups>
    <test name="Default test" duration-ms="202" started-at="2017-10-16T06:01:06Z" finished-at="2017-10-16T06:01:06Z">
      <class name="de.bonprix.test.feature.StreamClass">
        <test-method status="PASS" signature="init()[pri:0, instance:de.bonprix.test.feature.StreamClass@4d95d2a2]" name="init" is-config="true" duration-ms="12" started-at="2017-10-16T11:31:06Z" finished-at="2017-10-16T11:31:06Z">
          <reporter-output>
          </reporter-output>
        </test-method> <!-- init -->
        <test-method status="PASS" signature="test()[pri:0, instance:de.bonprix.test.feature.StreamClass@4d95d2a2]" name="test" duration-ms="6" started-at="2017-10-16T11:31:06Z" finished-at="2017-10-16T11:31:06Z">
          <reporter-output>
          </reporter-output>
        </test-method> <!-- test -->
        <test-method status="PASS" signature="init()[pri:0, instance:de.bonprix.test.feature.StreamClass@4d95d2a2]" name="init" is-config="true" duration-ms="0" started-at="2017-10-16T11:31:06Z" finished-at="2017-10-16T11:31:06Z">
          <reporter-output>
          </reporter-output>
        </test-method> <!-- init -->
        <test-method status="PASS" signature="testAveragePrice()[pri:0, instance:de.bonprix.test.feature.StreamClass@4d95d2a2]" name="testAveragePrice" duration-ms="50" started-at="2017-10-16T11:31:06Z" finished-at="2017-10-16T11:31:06Z">
          <reporter-output>
          </reporter-output>
        </test-method> <!-- testAveragePrice -->
        <test-method status="PASS" signature="testCount()[pri:0, instance:de.bonprix.test.feature.StreamClass@4d95d2a2]" name="testCount" duration-ms="3" started-at="2017-10-16T11:31:06Z" finished-at="2017-10-16T11:31:06Z">
          <reporter-output>
          </reporter-output>
        </test-method> <!-- testCount -->
        <test-method status="PASS" signature="init()[pri:0, instance:de.bonprix.test.feature.StreamClass@4d95d2a2]" name="init" is-config="true" duration-ms="0" started-at="2017-10-16T11:31:06Z" finished-at="2017-10-16T11:31:06Z">
          <reporter-output>
          </reporter-output>
        </test-method> <!-- init -->
        <test-method status="PASS" signature="init()[pri:0, instance:de.bonprix.test.feature.StreamClass@4d95d2a2]" name="init" is-config="true" duration-ms="0" started-at="2017-10-16T11:31:06Z" finished-at="2017-10-16T11:31:06Z">
          <reporter-output>
          </reporter-output>
        </test-method> <!-- init -->
        <test-method status="PASS" signature="testIterate()[pri:0, instance:de.bonprix.test.feature.StreamClass@4d95d2a2]" name="testIterate" duration-ms="4" started-at="2017-10-16T11:31:06Z" finished-at="2017-10-16T11:31:06Z">
          <reporter-output>
          </reporter-output>
        </test-method> <!-- testIterate -->
        <test-method status="PASS" signature="init()[pri:0, instance:de.bonprix.test.feature.StreamClass@4d95d2a2]" name="init" is-config="true" duration-ms="0" started-at="2017-10-16T11:31:06Z" finished-at="2017-10-16T11:31:06Z">
          <reporter-output>
          </reporter-output>
        </test-method> <!-- init -->
        <test-method status="PASS" signature="testJavaFeature()[pri:0, instance:de.bonprix.test.feature.StreamClass@4d95d2a2]" name="testJavaFeature" duration-ms="4" started-at="2017-10-16T11:31:06Z" finished-at="2017-10-16T11:31:06Z">
          <reporter-output>
          </reporter-output>
        </test-method> <!-- testJavaFeature -->
        <test-method status="PASS" signature="init()[pri:0, instance:de.bonprix.test.feature.StreamClass@4d95d2a2]" name="init" is-config="true" duration-ms="0" started-at="2017-10-16T11:31:06Z" finished-at="2017-10-16T11:31:06Z">
          <reporter-output>
          </reporter-output>
        </test-method> <!-- init -->
        <test-method status="PASS" signature="testListToMap()[pri:0, instance:de.bonprix.test.feature.StreamClass@4d95d2a2]" name="testListToMap" duration-ms="5" started-at="2017-10-16T11:31:06Z" finished-at="2017-10-16T11:31:06Z">
          <reporter-output>
          </reporter-output>
        </test-method> <!-- testListToMap -->
        <test-method status="PASS" signature="init()[pri:0, instance:de.bonprix.test.feature.StreamClass@4d95d2a2]" name="init" is-config="true" duration-ms="1" started-at="2017-10-16T11:31:06Z" finished-at="2017-10-16T11:31:06Z">
          <reporter-output>
          </reporter-output>
        </test-method> <!-- init -->
        <test-method status="PASS" signature="testListToSet()[pri:0, instance:de.bonprix.test.feature.StreamClass@4d95d2a2]" name="testListToSet" duration-ms="4" started-at="2017-10-16T11:31:06Z" finished-at="2017-10-16T11:31:06Z">
          <reporter-output>
          </reporter-output>
        </test-method> <!-- testListToSet -->
        <test-method status="PASS" signature="init()[pri:0, instance:de.bonprix.test.feature.StreamClass@4d95d2a2]" name="init" is-config="true" duration-ms="1" started-at="2017-10-16T11:31:06Z" finished-at="2017-10-16T11:31:06Z">
          <reporter-output>
          </reporter-output>
        </test-method> <!-- init -->
        <test-method status="PASS" signature="testMethodInterface()[pri:0, instance:de.bonprix.test.feature.StreamClass@4d95d2a2]" name="testMethodInterface" duration-ms="3" started-at="2017-10-16T11:31:06Z" finished-at="2017-10-16T11:31:06Z">
          <reporter-output>
          </reporter-output>
        </test-method> <!-- testMethodInterface -->
        <test-method status="PASS" signature="init()[pri:0, instance:de.bonprix.test.feature.StreamClass@4d95d2a2]" name="init" is-config="true" duration-ms="1" started-at="2017-10-16T11:31:06Z" finished-at="2017-10-16T11:31:06Z">
          <reporter-output>
          </reporter-output>
        </test-method> <!-- init -->
        <test-method status="PASS" signature="testMinMax()[pri:0, instance:de.bonprix.test.feature.StreamClass@4d95d2a2]" name="testMinMax" duration-ms="18" started-at="2017-10-16T11:31:06Z" finished-at="2017-10-16T11:31:06Z">
          <reporter-output>
          </reporter-output>
        </test-method> <!-- testMinMax -->
        <test-method status="PASS" signature="init()[pri:0, instance:de.bonprix.test.feature.StreamClass@4d95d2a2]" name="init" is-config="true" duration-ms="0" started-at="2017-10-16T11:31:06Z" finished-at="2017-10-16T11:31:06Z">
          <reporter-output>
          </reporter-output>
        </test-method> <!-- init -->
        <test-method status="PASS" signature="testOptional()[pri:0, instance:de.bonprix.test.feature.StreamClass@4d95d2a2]" name="testOptional" duration-ms="4" started-at="2017-10-16T11:31:06Z" finished-at="2017-10-16T11:31:06Z">
          <reporter-output>
          </reporter-output>
        </test-method> <!-- testOptional -->
        <test-method status="PASS" signature="testParallelSorting()[pri:0, instance:de.bonprix.test.feature.StreamClass@4d95d2a2]" name="testParallelSorting" duration-ms="2" started-at="2017-10-16T11:31:06Z" finished-at="2017-10-16T11:31:06Z">
          <reporter-output>
          </reporter-output>
        </test-method> <!-- testParallelSorting -->
        <test-method status="PASS" signature="init()[pri:0, instance:de.bonprix.test.feature.StreamClass@4d95d2a2]" name="init" is-config="true" duration-ms="0" started-at="2017-10-16T11:31:06Z" finished-at="2017-10-16T11:31:06Z">
          <reporter-output>
          </reporter-output>
        </test-method> <!-- init -->
        <test-method status="PASS" signature="testPredicate()[pri:0, instance:de.bonprix.test.feature.StreamClass@4d95d2a2]" name="testPredicate" duration-ms="3" started-at="2017-10-16T11:31:06Z" finished-at="2017-10-16T11:31:06Z">
          <reporter-output>
          </reporter-output>
        </test-method> <!-- testPredicate -->
        <test-method status="PASS" signature="init()[pri:0, instance:de.bonprix.test.feature.StreamClass@4d95d2a2]" name="init" is-config="true" duration-ms="0" started-at="2017-10-16T11:31:06Z" finished-at="2017-10-16T11:31:06Z">
          <reporter-output>
          </reporter-output>
        </test-method> <!-- init -->
        <test-method status="PASS" signature="init()[pri:0, instance:de.bonprix.test.feature.StreamClass@4d95d2a2]" name="init" is-config="true" duration-ms="0" started-at="2017-10-16T11:31:06Z" finished-at="2017-10-16T11:31:06Z">
          <reporter-output>
          </reporter-output>
        </test-method> <!-- init -->
        <test-method status="PASS" signature="testReduce()[pri:0, instance:de.bonprix.test.feature.StreamClass@4d95d2a2]" name="testReduce" duration-ms="16" started-at="2017-10-16T11:31:06Z" finished-at="2017-10-16T11:31:06Z">
          <reporter-output>
          </reporter-output>
        </test-method> <!-- testReduce -->
        <test-method status="PASS" signature="testReferencing()[pri:0, instance:de.bonprix.test.feature.StreamClass@4d95d2a2]" name="testReferencing" duration-ms="3" started-at="2017-10-16T11:31:06Z" finished-at="2017-10-16T11:31:06Z">
          <reporter-output>
          </reporter-output>
        </test-method> <!-- testReferencing -->
        <test-method status="PASS" signature="init()[pri:0, instance:de.bonprix.test.feature.StreamClass@4d95d2a2]" name="init" is-config="true" duration-ms="0" started-at="2017-10-16T11:31:06Z" finished-at="2017-10-16T11:31:06Z">
          <reporter-output>
          </reporter-output>
        </test-method> <!-- init -->
        <test-method status="PASS" signature="init()[pri:0, instance:de.bonprix.test.feature.StreamClass@4d95d2a2]" name="init" is-config="true" duration-ms="3" started-at="2017-10-16T11:31:06Z" finished-at="2017-10-16T11:31:06Z">
          <reporter-output>
          </reporter-output>
        </test-method> <!-- init -->
        <test-method status="PASS" signature="testStringJoiner()[pri:0, instance:de.bonprix.test.feature.StreamClass@4d95d2a2]" name="testStringJoiner" duration-ms="1" started-at="2017-10-16T11:31:06Z" finished-at="2017-10-16T11:31:06Z">
          <reporter-output>
          </reporter-output>
        </test-method> <!-- testStringJoiner -->
        <test-method status="PASS" signature="init()[pri:0, instance:de.bonprix.test.feature.StreamClass@4d95d2a2]" name="init" is-config="true" duration-ms="1" started-at="2017-10-16T11:31:06Z" finished-at="2017-10-16T11:31:06Z">
          <reporter-output>
          </reporter-output>
        </test-method> <!-- init -->
        <test-method status="PASS" signature="testSumByCollectorsMethod()[pri:0, instance:de.bonprix.test.feature.StreamClass@4d95d2a2]" name="testSumByCollectorsMethod" duration-ms="2" started-at="2017-10-16T11:31:06Z" finished-at="2017-10-16T11:31:06Z">
          <reporter-output>
          </reporter-output>
        </test-method> <!-- testSumByCollectorsMethod -->
      </class> <!-- de.bonprix.test.feature.StreamClass -->
    </test> <!-- Default test -->
  </suite> <!-- Default suite -->
</testng-results>
