<?xml version="1.0" encoding="UTF-8"?>
<testng-results skipped="0" failed="1" total="1" passed="0">
  <reporter-output>
  </reporter-output>
  <suite name="Default suite" duration-ms="1531" started-at="2017-09-21T06:13:26Z" finished-at="2017-09-21T06:13:27Z">
    <groups>
      <group name="UNITTEST">
        <method signature="AddStyleWizardPresenterTest.saveStyle()[pri:0, instance:de.bonprix.module.style.wizard.AddStyleWizardPresenterTest@3cebbb30]" name="saveStyle" class="de.bonprix.module.style.wizard.AddStyleWizardPresenterTest"/>
      </group> <!-- UNITTEST -->
    </groups>
    <test name="Default test" duration-ms="1531" started-at="2017-09-21T06:13:26Z" finished-at="2017-09-21T06:13:27Z">
      <class name="de.bonprix.module.style.wizard.AddStyleWizardPresenterTest">
        <test-method status="PASS" signature="springTestContextBeforeTestClass()[pri:0, instance:de.bonprix.module.style.wizard.AddStyleWizardPresenterTest@3cebbb30]" test-instance-name="" name="springTestContextBeforeTestClass" is-config="true" duration-ms="28" started-at="2017-09-21T11:43:26Z" finished-at="2017-09-21T11:43:26Z">
          <reporter-output>
          </reporter-output>
        </test-method> <!-- springTestContextBeforeTestClass -->
        <test-method name="springTestContextPrepareTestInstance" test-instance-name="" signature="springTestContextPrepareTestInstance()[pri:0, instance:de.bonprix.module.style.wizard.AddStyleWizardPresenterTest@3cebbb30]" is-config="true" status="PASS" duration-ms="1092" finished-at="2017-09-21T11:43:27Z" started-at="2017-09-21T11:43:26Z" depends-on-methods="org.springframework.test.context.testng.AbstractTestNGSpringContextTests.springTestContextBeforeTestClass">
          <reporter-output>
          </reporter-output>
        </test-method> <!-- springTestContextPrepareTestInstance -->
        <test-method status="PASS" signature="springTestContextBeforeTestMethod(java.lang.reflect.Method)[pri:0, instance:de.bonprix.module.style.wizard.AddStyleWizardPresenterTest@3cebbb30]" test-instance-name="" name="springTestContextBeforeTestMethod" is-config="true" duration-ms="2" started-at="2017-09-21T11:43:27Z" finished-at="2017-09-21T11:43:27Z">
          <params>
            <param index="0">
              <value>
                <![CDATA[public void de.bonprix.module.style.wizard.AddStyleWizardPresenterTest.saveStyle()]]>
              </value>
            </param>
          </params>
          <reporter-output>
          </reporter-output>
        </test-method> <!-- springTestContextBeforeTestMethod -->
        <test-method status="PASS" signature="initTests()[pri:0, instance:de.bonprix.module.style.wizard.AddStyleWizardPresenterTest@3cebbb30]" test-instance-name="" name="initTests" is-config="true" duration-ms="340" started-at="2017-09-21T11:43:27Z" finished-at="2017-09-21T11:43:27Z">
          <reporter-output>
          </reporter-output>
        </test-method> <!-- initTests -->
        <test-method status="PASS" signature="method()[pri:0, instance:de.bonprix.module.style.wizard.AddStyleWizardPresenterTest@3cebbb30]" test-instance-name="" name="method" is-config="true" duration-ms="12" started-at="2017-09-21T11:43:27Z" finished-at="2017-09-21T11:43:27Z">
          <reporter-output>
          </reporter-output>
        </test-method> <!-- method -->
        <test-method status="FAIL" signature="saveStyle()[pri:0, instance:de.bonprix.module.style.wizard.AddStyleWizardPresenterTest@3cebbb30]" test-instance-name="" name="saveStyle" duration-ms="16" started-at="2017-09-21T11:43:27Z" finished-at="2017-09-21T11:43:27Z">
          <exception class="java.lang.NullPointerException">
            <full-stacktrace>
              <![CDATA[java.lang.NullPointerException
	at de.bonprix.module.style.wizard.mvp.AddStyleMvpWizardPresenter.saveStyle(AddStyleMvpWizardPresenter.java:71)
	at de.bonprix.module.style.wizard.AddStyleWizardPresenterTest.saveStyle(AddStyleWizardPresenterTest.java:76)
	at sun.reflect.NativeMethodAccessorImpl.invoke0(Native Method)
	at sun.reflect.NativeMethodAccessorImpl.invoke(NativeMethodAccessorImpl.java:62)
	at sun.reflect.DelegatingMethodAccessorImpl.invoke(DelegatingMethodAccessorImpl.java:43)
	at java.lang.reflect.Method.invoke(Method.java:498)
	at org.testng.internal.MethodInvocationHelper.invokeMethod(MethodInvocationHelper.java:86)
	at org.testng.internal.MethodInvocationHelper$1.runTestMethod(MethodInvocationHelper.java:197)
	at org.springframework.test.context.testng.AbstractTestNGSpringContextTests.run(AbstractTestNGSpringContextTests.java:175)
	at org.testng.internal.MethodInvocationHelper.invokeHookable(MethodInvocationHelper.java:209)
	at org.testng.internal.Invoker.invokeMethod(Invoker.java:639)
	at org.testng.internal.Invoker.invokeTestMethod(Invoker.java:820)
	at org.testng.internal.Invoker.invokeTestMethods(Invoker.java:1128)
	at org.testng.internal.TestMethodWorker.invokeTestMethods(TestMethodWorker.java:129)
	at org.testng.internal.TestMethodWorker.run(TestMethodWorker.java:112)
	at org.testng.TestRunner.privateRun(TestRunner.java:782)
	at org.testng.TestRunner.run(TestRunner.java:632)
	at org.testng.SuiteRunner.runTest(SuiteRunner.java:366)
	at org.testng.SuiteRunner.runSequentially(SuiteRunner.java:361)
	at org.testng.SuiteRunner.privateRun(SuiteRunner.java:319)
	at org.testng.SuiteRunner.run(SuiteRunner.java:268)
	at org.testng.SuiteRunnerWorker.runSuite(SuiteRunnerWorker.java:52)
	at org.testng.SuiteRunnerWorker.run(SuiteRunnerWorker.java:86)
	at org.testng.TestNG.runSuitesSequentially(TestNG.java:1244)
	at org.testng.TestNG.runSuitesLocally(TestNG.java:1169)
	at org.testng.TestNG.run(TestNG.java:1064)
	at org.testng.remote.AbstractRemoteTestNG.run(AbstractRemoteTestNG.java:132)
	at org.testng.remote.RemoteTestNG.initAndRun(RemoteTestNG.java:236)
	at org.testng.remote.RemoteTestNG.main(RemoteTestNG.java:81)
]]>
            </full-stacktrace>
          </exception> <!-- java.lang.NullPointerException -->
          <reporter-output>
          </reporter-output>
        </test-method> <!-- saveStyle -->
        <test-method status="PASS" signature="springTestContextAfterTestMethod(java.lang.reflect.Method)[pri:0, instance:de.bonprix.module.style.wizard.AddStyleWizardPresenterTest@3cebbb30]" test-instance-name="" name="springTestContextAfterTestMethod" is-config="true" duration-ms="1" started-at="2017-09-21T11:43:27Z" finished-at="2017-09-21T11:43:27Z">
          <params>
            <param index="0">
              <value>
                <![CDATA[public void de.bonprix.module.style.wizard.AddStyleWizardPresenterTest.saveStyle()]]>
              </value>
            </param>
          </params>
          <reporter-output>
          </reporter-output>
        </test-method> <!-- springTestContextAfterTestMethod -->
        <test-method status="PASS" signature="springTestContextAfterTestClass()[pri:0, instance:de.bonprix.module.style.wizard.AddStyleWizardPresenterTest@3cebbb30]" test-instance-name="" name="springTestContextAfterTestClass" is-config="true" duration-ms="1" started-at="2017-09-21T11:43:27Z" finished-at="2017-09-21T11:43:27Z">
          <reporter-output>
          </reporter-output>
        </test-method> <!-- springTestContextAfterTestClass -->
      </class> <!-- de.bonprix.module.style.wizard.AddStyleWizardPresenterTest -->
    </test> <!-- Default test -->
  </suite> <!-- Default suite -->
</testng-results>
